<?xml version="1.0" encoding="UTF-8"?>
<testng-results ignored="0" total="1" passed="1" failed="0" skipped="0">
  <reporter-output>
  </reporter-output>
  <suite started-at="2024-07-04T08:05:25 IST" name="AddTocartSuite" finished-at="2024-07-04T08:05:31 IST" duration-ms="5741">
    <groups>
    </groups>
    <test started-at="2024-07-04T08:05:25 IST" name="AddTocartTest" finished-at="2024-07-04T08:05:31 IST" duration-ms="5741">
      <class name="com.testcases.Verify_addToCartTC">
        <test-method is-config="true" signature="BrowerLaunch()[pri:0, instance:com.testcases.Verify_addToCartTC@557caf28]" started-at="2024-07-04T08:05:25 IST" name="BrowerLaunch" finished-at="2024-07-04T08:05:29 IST" duration-ms="3116" status="PASS">
          <reporter-output>
          </reporter-output>
        </test-method> <!-- BrowerLaunch -->
        <test-method signature="VerifyAddToCartTC001()[pri:0, instance:com.testcases.Verify_addToCartTC@557caf28]" started-at="2024-07-04T08:05:29 IST" name="VerifyAddToCartTC001" finished-at="2024-07-04T08:05:31 IST" duration-ms="2136" status="PASS">
          <reporter-output>
          </reporter-output>
        </test-method> <!-- VerifyAddToCartTC001 -->
        <test-method is-config="true" signature="tearDown()[pri:0, instance:com.testcases.Verify_addToCartTC@557caf28]" started-at="2024-07-04T08:05:31 IST" name="tearDown" finished-at="2024-07-04T08:05:31 IST" duration-ms="428" status="PASS">
          <reporter-output>
          </reporter-output>
        </test-method> <!-- tearDown -->
      </class> <!-- com.testcases.Verify_addToCartTC -->
    </test> <!-- AddTocartTest -->
  </suite> <!-- AddTocartSuite -->
</testng-results>
